TN:
SF:/home/travis/build/marthinus-engelbrecht/stocksearch/src/polyfills.ts
FNF:0
FNH:0
LF:0
LH:0
BRF:0
BRH:0
end_of_record
TN:
SF:/home/travis/build/marthinus-engelbrecht/stocksearch/src/test.ts
FNF:0
FNH:0
DA:6,1
DA:8,1
DA:10,1
LF:3
LH:3
BRF:0
BRH:0
end_of_record
TN:
SF:/home/travis/build/marthinus-engelbrecht/stocksearch/src/app/app.component.ts
FN:3,(anonymous_0)
FN:4,AppComponent
FNF:2
FNH:1
FNDA:1,(anonymous_0)
FNDA:0,AppComponent
DA:3,1
DA:6,1
DA:13,1
LF:3
LH:3
BRF:0
BRH:0
end_of_record
TN:
SF:/home/travis/build/marthinus-engelbrecht/stocksearch/src/app/components/stock-search/stock-search.component.ts
FN:5,(anonymous_0)
FN:6,StockSearchComponent
FN:11,(anonymous_2)
FN:13,(anonymous_3)
FNF:4
FNH:4
FNDA:1,(anonymous_0)
FNDA:2,StockSearchComponent
FNDA:2,(anonymous_2)
FNDA:2,(anonymous_3)
DA:5,1
DA:7,2
DA:8,2
DA:9,2
DA:11,1
DA:12,2
DA:13,2
DA:14,2
DA:17,1
DA:21,1
DA:29,1
LF:11
LH:11
BRF:0
BRH:0
end_of_record
TN:
SF:/home/travis/build/marthinus-engelbrecht/stocksearch/src/app/services/currency/currency.endpoints.ts
FN:1,(anonymous_0)
FN:2,CurrencyEndpoints
FN:5,(anonymous_2)
FNF:3
FNH:2
FNDA:1,(anonymous_0)
FNDA:0,CurrencyEndpoints
FNDA:4,(anonymous_2)
DA:1,1
DA:4,1
DA:6,4
DA:11,1
DA:12,1
LF:5
LH:5
BRF:0
BRH:0
end_of_record
TN:
SF:/home/travis/build/marthinus-engelbrecht/stocksearch/src/app/services/currency/currency.service.ts
FN:6,(anonymous_0)
FN:7,CurrencyService
FN:10,(anonymous_2)
FN:11,(anonymous_3)
FNF:4
FNH:4
FNDA:1,(anonymous_0)
FNDA:2,CurrencyService
FNDA:2,(anonymous_2)
FNDA:1,(anonymous_3)
DA:6,1
DA:8,2
DA:10,1
DA:11,2
DA:12,1
DA:15,1
DA:21,1
LF:7
LH:7
BRF:0
BRH:0
end_of_record
TN:
SF:/home/travis/build/marthinus-engelbrecht/stocksearch/src/app/services/stocks/available-stock-items.constant.ts
FNF:0
FNH:0
DA:1,1
LF:1
LH:1
BRF:0
BRH:0
end_of_record
TN:
SF:/home/travis/build/marthinus-engelbrecht/stocksearch/src/app/services/stocks/stocks.endpoints.ts
FN:1,(anonymous_0)
FN:2,StocksEndpoints
FN:5,(anonymous_2)
FNF:3
FNH:2
FNDA:1,(anonymous_0)
FNDA:0,StocksEndpoints
FNDA:15,(anonymous_2)
DA:1,1
DA:4,1
DA:6,15
DA:11,1
DA:12,1
LF:5
LH:5
BRF:0
BRH:0
end_of_record
TN:
SF:/home/travis/build/marthinus-engelbrecht/stocksearch/src/app/services/stocks/stocks.service.ts
FN:8,(anonymous_0)
FN:9,StocksService
FN:13,(anonymous_2)
FN:20,(anonymous_3)
FN:21,(anonymous_4)
FN:24,(anonymous_5)
FN:29,(anonymous_6)
FN:36,(anonymous_7)
FN:39,(anonymous_8)
FNF:9
FNH:9
FNDA:1,(anonymous_0)
FNDA:9,StocksService
FNDA:9,(anonymous_2)
FNDA:6,(anonymous_3)
FNDA:12,(anonymous_4)
FNDA:6,(anonymous_5)
FNDA:6,(anonymous_6)
FNDA:6,(anonymous_7)
FNDA:2,(anonymous_8)
DA:8,1
DA:10,9
DA:11,9
DA:13,1
DA:14,9
DA:15,9
DA:21,12
DA:22,6
DA:23,6
DA:25,6
DA:29,1
DA:30,6
DA:31,2
DA:32,2
DA:34,6
DA:36,1
DA:37,6
DA:39,1
DA:40,2
DA:42,1
DA:48,1
LF:21
LH:21
BRDA:30,0,0,2
BRDA:30,0,1,4
BRF:2
BRH:2
end_of_record
TN:
SF:/home/travis/build/marthinus-engelbrecht/stocksearch/src/testing/mock-data/successful-latest-currency-rates.ts
FNF:0
FNH:0
DA:1,1
LF:1
LH:1
BRF:0
BRH:0
end_of_record
TN:
SF:/home/travis/build/marthinus-engelbrecht/stocksearch/src/testing/mock-data/successful-stock-prices-response.ts
FNF:0
FNH:0
DA:1,1
LF:1
LH:1
BRF:0
BRH:0
end_of_record
